#31
TCCR0A = 0x42
#6
TCCR0B = 0x01
#1
TCNT0 = 0x01
#1
TCNT0 = 0x02
#1
TCNT0 = 0x03
#1
TCNT0 = 0x04
#1
TCNT0 = 0x00
#1
TCNT0 = 0x01
#1
TCNT0 = 0x02
#1
TCNT0 = 0x03
#1
TCNT0 = 0x04
#1
TCNT0 = 0x05
#1
TCNT0 = 0x06
OCR0A = 0x9b
PINB = 0x10
#1
TCNT0 = 0x07
#1
TCNT0 = 0x08
#1
TCNT0 = 0x09
#1
TCNT0 = 0x0a
#1
TCNT0 = 0x0b
#1
TCNT0 = 0x0c
#1
TCNT0 = 0x0d
#1
TCNT0 = 0x0e
#1
TCNT0 = 0x0f
#1
TCNT0 = 0x10
PINB = 0x00
#1
TCNT0 = 0x11
#1
TCNT0 = 0x12
#1
TCNT0 = 0x13
#1
TCNT0 = 0x14
#1
TCNT0 = 0x15
#1
TCNT0 = 0x16
#1
TCNT0 = 0x17
#1
TCNT0 = 0x18
#1
TCNT0 = 0x19
#1
TCNT0 = 0x1a
PINB = 0x10
#1
TCNT0 = 0x1b
#1
TCNT0 = 0x1c
#1
TCNT0 = 0x1d
#1
TCNT0 = 0x1e
#1
TCNT0 = 0x1f
#1
TCNT0 = 0x20
#1
TCNT0 = 0x21
#1
TCNT0 = 0x22
#1
TCNT0 = 0x23
#1
TCNT0 = 0x24
PINB = 0x00
#1
TCNT0 = 0x25
#1
TCNT0 = 0x26
#1
TCNT0 = 0x27
#1
TCNT0 = 0x28
#1
TCNT0 = 0x29
#1
TCNT0 = 0x2a
#1
TCNT0 = 0x2b
#1
TCNT0 = 0x2c
#1
TCNT0 = 0x2d
#1
TCNT0 = 0x2e
PINB = 0x10
#1
TCNT0 = 0x2f
#1
TCNT0 = 0x30
#1
TCNT0 = 0x31
#1
TCNT0 = 0x32
#1
TCNT0 = 0x33
#1
TCNT0 = 0x34
#1
TCNT0 = 0x35
#1
TCNT0 = 0x36
#1
TCNT0 = 0x37
#1
TCNT0 = 0x38
PINB = 0x00
#1
TCNT0 = 0x39
#1
TCNT0 = 0x3a
#1
TCNT0 = 0x3b
#1
TCNT0 = 0x3c
#1
TCNT0 = 0x3d
#1
TCNT0 = 0x3e
#1
TCNT0 = 0x3f
#1
TCNT0 = 0x40
#1
TCNT0 = 0x41
#1
TCNT0 = 0x42
PINB = 0x10
#1
TCNT0 = 0x43
#1
TCNT0 = 0x44
#1
TCNT0 = 0x45
#1
TCNT0 = 0x46
#1
TCNT0 = 0x47
#1
TCNT0 = 0x48
#1
TCNT0 = 0x49
#1
TCNT0 = 0x4a
#1
TCNT0 = 0x4b
#1
TCNT0 = 0x4c
PINB = 0x00
#1
TCNT0 = 0x4d
#1
TCNT0 = 0x4e
#1
TCNT0 = 0x4f
#1
TCNT0 = 0x50
#1
TCNT0 = 0x51
#1
TCNT0 = 0x52
#1
TCNT0 = 0x53
#1
TCNT0 = 0x54
#1
TCNT0 = 0x55
#1
TCNT0 = 0x56
PINB = 0x10
#1
TCNT0 = 0x57
#1
TCNT0 = 0x58
#1
TCNT0 = 0x59
#1
TCNT0 = 0x5a
#1
TCNT0 = 0x5b
#1
TCNT0 = 0x5c
#1
TCNT0 = 0x5d
#1
TCNT0 = 0x5e
#1
TCNT0 = 0x5f
#1
TCNT0 = 0x60
PINB = 0x00
#1
TCNT0 = 0x61
#1
TCNT0 = 0x62
#1
TCNT0 = 0x63
#1
TCNT0 = 0x64
#1
TCNT0 = 0x65
#1
TCNT0 = 0x66
#1
TCNT0 = 0x67
#1
TCNT0 = 0x68
#1
TCNT0 = 0x69
#1
TCNT0 = 0x6a
#1
TCNT0 = 0x6b
#1
TCNT0 = 0x6c
#1
TCNT0 = 0x6d
#1
TCNT0 = 0x6e
#1
TCNT0 = 0x6f
#1
TCNT0 = 0x70
#1
TCNT0 = 0x71
#1
TCNT0 = 0x72
#1
TCNT0 = 0x73
#1
TCNT0 = 0x74
#1
TCNT0 = 0x75
#1
TCNT0 = 0x76
#1
TCNT0 = 0x77
#1
TCNT0 = 0x78
#1
TCNT0 = 0x79
#1
TCNT0 = 0x7a
#1
TCNT0 = 0x7b
#1
TCNT0 = 0x7c
#1
TCNT0 = 0x7d
#1
TCNT0 = 0x7e
#1
TCNT0 = 0x7f
#1
TCNT0 = 0x80
#1
TCNT0 = 0x81
#1
TCNT0 = 0x82
#1
TCNT0 = 0x83
#1
TCNT0 = 0x84
#1
TCNT0 = 0x85
#1
TCNT0 = 0x86
#1
TCNT0 = 0x87
#1
TCNT0 = 0x88
#1
TCNT0 = 0x89
#1
TCNT0 = 0x8a
#1
TCNT0 = 0x8b
#1
TCNT0 = 0x8c
#1
TCNT0 = 0x8d
#1
TCNT0 = 0x8e
#1
TCNT0 = 0x8f
#1
TCNT0 = 0x90
#1
TCNT0 = 0x91
#1
TCNT0 = 0x92
#1
TCNT0 = 0x93
#1
TCNT0 = 0x94
#1
TCNT0 = 0x95
#1
TCNT0 = 0x96
#1
TCNT0 = 0x97
#1
TCNT0 = 0x98
#1
TCNT0 = 0x99
#1
TCNT0 = 0x9a
#1
TCNT0 = 0x9b
#1
TCNT0 = 0x00
PINB = 0x80
#1
TCNT0 = 0x01
#1
TCNT0 = 0x02
#1
TCNT0 = 0x03
#1
TCNT0 = 0x04
#1
TCNT0 = 0x05
#1
TCNT0 = 0x06
#1
TCNT0 = 0x07
#1
TCNT0 = 0x08
#1
TCNT0 = 0x09
#1
TCNT0 = 0x0a
#1
TCNT0 = 0x0b
#1
TCNT0 = 0x0c
#1
TCNT0 = 0x0d
#1
TCNT0 = 0x0e
#1
TCNT0 = 0x0f
#1
TCNT0 = 0x10
#1
TCNT0 = 0x11
#1
TCNT0 = 0x12
#1
TCNT0 = 0x13
#1
TCNT0 = 0x14
#1
TCNT0 = 0x15
#1
TCNT0 = 0x16
#1
TCNT0 = 0x17
#1
TCNT0 = 0x18
#1
TCNT0 = 0x19
#1
TCNT0 = 0x1a
#1
TCNT0 = 0x1b
#1
TCNT0 = 0x1c
#1
TCNT0 = 0x1d
#1
TCNT0 = 0x1e
#1
TCNT0 = 0x1f
#1
TCNT0 = 0x20
#1
TCNT0 = 0x21
#1
TCNT0 = 0x22
#1
TCNT0 = 0x23
#1
TCNT0 = 0x24
#1
TCNT0 = 0x25
#1
TCNT0 = 0x26
#1
TCNT0 = 0x27
#1
TCNT0 = 0x28
#1
TCNT0 = 0x29
#1
TCNT0 = 0x2a
#1
TCNT0 = 0x2b
#1
TCNT0 = 0x2c
#1
TCNT0 = 0x2d
#1
TCNT0 = 0x2e
#1
TCNT0 = 0x2f
#1
TCNT0 = 0x30
#1
TCNT0 = 0x31
#1
TCNT0 = 0x32
#1
TCNT0 = 0x33
#1
TCNT0 = 0x34
#1
TCNT0 = 0x35
#1
TCNT0 = 0x36
#1
TCNT0 = 0x37
#1
TCNT0 = 0x38
#1
TCNT0 = 0x39
#1
TCNT0 = 0x3a
#1
TCNT0 = 0x3b
#1
TCNT0 = 0x3c
#1
TCNT0 = 0x3d
#1
TCNT0 = 0x3e
#1
TCNT0 = 0x3f
#1
TCNT0 = 0x40
#1
TCNT0 = 0x41
#1
TCNT0 = 0x42
#1
TCNT0 = 0x43
#1
TCNT0 = 0x44
#1
TCNT0 = 0x45
#1
TCNT0 = 0x46
#1
TCNT0 = 0x47
#1
TCNT0 = 0x48
#1
TCNT0 = 0x49
#1
TCNT0 = 0x4a
#1
TCNT0 = 0x4b
#1
TCNT0 = 0x4c
#1
TCNT0 = 0x4d
#1
TCNT0 = 0x4e
#1
TCNT0 = 0x4f
#1
TCNT0 = 0x50
#1
TCNT0 = 0x51
#1
TCNT0 = 0x52
#1
TCNT0 = 0x53
#1
TCNT0 = 0x54
#1
TCNT0 = 0x55
#1
TCNT0 = 0x56
#1
TCNT0 = 0x57
#1
TCNT0 = 0x58
#1
TCNT0 = 0x59
#1
TCNT0 = 0x5a
#1
TCNT0 = 0x5b
#1
TCNT0 = 0x5c
#1
TCNT0 = 0x5d
#1
TCNT0 = 0x5e
#1
TCNT0 = 0x5f
#1
TCNT0 = 0x60
#1
TCNT0 = 0x61
#1
TCNT0 = 0x62
#1
TCNT0 = 0x63
#1
TCNT0 = 0x64
#1
TCNT0 = 0x65
#1
TCNT0 = 0x66
#1
TCNT0 = 0x67
#1
TCNT0 = 0x68
#1
TCNT0 = 0x69
#1
TCNT0 = 0x6a
#1
TCNT0 = 0x6b
#1
TCNT0 = 0x6c
#1
TCNT0 = 0x6d
#1
TCNT0 = 0x6e
#1
TCNT0 = 0x6f
#1
TCNT0 = 0x70
#1
TCNT0 = 0x71
#1
TCNT0 = 0x72
#1
TCNT0 = 0x73
#1
TCNT0 = 0x74
#1
TCNT0 = 0x75
#1
TCNT0 = 0x76
#1
TCNT0 = 0x77
#1
TCNT0 = 0x78
#1
TCNT0 = 0x79
#1
TCNT0 = 0x7a
#1
TCNT0 = 0x7b
#1
TCNT0 = 0x7c
#1
TCNT0 = 0x7d
#1
TCNT0 = 0x7e
#1
TCNT0 = 0x7f
#1
TCNT0 = 0x80
#1
TCNT0 = 0x81
#1
TCNT0 = 0x82
#1
TCNT0 = 0x83
#1
TCNT0 = 0x84
#1
TCNT0 = 0x85
#1
TCNT0 = 0x86
#1
TCNT0 = 0x87
#1
TCNT0 = 0x88
#1
TCNT0 = 0x89
#1
TCNT0 = 0x8a
#1
TCNT0 = 0x8b
#1
TCNT0 = 0x8c
#1
TCNT0 = 0x8d
#1
TCNT0 = 0x8e
#1
TCNT0 = 0x8f
#1
TCNT0 = 0x90
#1
TCNT0 = 0x91
#1
TCNT0 = 0x92
#1
TCNT0 = 0x93
#1
TCNT0 = 0x94
#1
TCNT0 = 0x95
#1
TCNT0 = 0x96
#1
TCNT0 = 0x97
#1
TCNT0 = 0x98
#1
TCNT0 = 0x99
#1
TCNT0 = 0x9a
#1
TCNT0 = 0x9b
#1
TCNT0 = 0x00
PINB = 0x00
#1
TCNT0 = 0x01
#1
TCNT0 = 0x02
#1
TCNT0 = 0x03
#1
TCNT0 = 0x04
#1
TCNT0 = 0x05
#1
TCNT0 = 0x06
#1
TCNT0 = 0x07
#1
TCNT0 = 0x08
#1
TCNT0 = 0x09
#1
TCNT0 = 0x0a
#1
TCNT0 = 0x0b
#1
TCNT0 = 0x0c
#1
TCNT0 = 0x0d
#1
TCNT0 = 0x0e
#1
TCNT0 = 0x0f
#1
TCNT0 = 0x10
#1
TCNT0 = 0x11
#1
TCNT0 = 0x12
#1
TCNT0 = 0x13
#1
TCNT0 = 0x14
#1
TCNT0 = 0x15
#1
TCNT0 = 0x16
#1
TCNT0 = 0x17
#1
TCNT0 = 0x18
#1
TCNT0 = 0x19
#1
TCNT0 = 0x1a
#1
TCNT0 = 0x1b
#1
TCNT0 = 0x1c
#1
TCNT0 = 0x1d
#1
TCNT0 = 0x1e
#1
TCNT0 = 0x1f
#1
TCNT0 = 0x20
#1
TCNT0 = 0x21
#1
TCNT0 = 0x22
#1
TCNT0 = 0x23
#1
TCNT0 = 0x24
#1
TCNT0 = 0x25
#1
TCNT0 = 0x26
#1
TCNT0 = 0x27
#1
TCNT0 = 0x28
#1
TCNT0 = 0x29
#1
TCNT0 = 0x2a
#1
TCNT0 = 0x2b
#1
TCNT0 = 0x2c
#1
TCNT0 = 0x2d
#1
TCNT0 = 0x2e
#1
TCNT0 = 0x2f
#1
TCNT0 = 0x30
#1
TCNT0 = 0x31
#1
TCNT0 = 0x32
#1
TCNT0 = 0x33
#1
TCNT0 = 0x34
#1
TCNT0 = 0x35
#1
TCNT0 = 0x36
#1
TCNT0 = 0x37
#1
TCNT0 = 0x38
#1
TCNT0 = 0x39
#1
TCNT0 = 0x3a
#1
TCNT0 = 0x3b
#1
TCNT0 = 0x3c
#1
TCNT0 = 0x3d
#1
TCNT0 = 0x3e
#1
TCNT0 = 0x3f
#1
TCNT0 = 0x40
#1
TCNT0 = 0x41
#1
TCNT0 = 0x42
#1
TCNT0 = 0x43
#1
TCNT0 = 0x44
#1
TCNT0 = 0x45
#1
TCNT0 = 0x46
#1
TCNT0 = 0x47
#1
TCNT0 = 0x48
#1
TCNT0 = 0x49
#1
TCNT0 = 0x4a
#1
TCNT0 = 0x4b
#1
TCNT0 = 0x4c
#1
TCNT0 = 0x4d
#1
TCNT0 = 0x4e
#1
TCNT0 = 0x4f
#1
TCNT0 = 0x50
#1
TCNT0 = 0x51
#1
TCNT0 = 0x52
#1
TCNT0 = 0x53
#1
TCNT0 = 0x54
#1
TCNT0 = 0x55
#1
TCNT0 = 0x56
#1
TCNT0 = 0x57
#1
TCNT0 = 0x58
#1
TCNT0 = 0x59
#1
TCNT0 = 0x5a
#1
TCNT0 = 0x5b
#1
TCNT0 = 0x5c
#1
TCNT0 = 0x5d
#1
TCNT0 = 0x5e
#1
TCNT0 = 0x5f
#1
TCNT0 = 0x60
#1
TCNT0 = 0x61
#1
TCNT0 = 0x62
#1
TCNT0 = 0x63
#1
TCNT0 = 0x64
#1
TCNT0 = 0x65
#1
TCNT0 = 0x66
#1
TCNT0 = 0x67
#1
TCNT0 = 0x68
#1
TCNT0 = 0x69
#1
TCNT0 = 0x6a
#1
TCNT0 = 0x6b
#1
TCNT0 = 0x6c
#1
TCNT0 = 0x6d
#1
TCNT0 = 0x6e
#1
TCNT0 = 0x6f
#1
TCNT0 = 0x70
#1
TCNT0 = 0x71
#1
TCNT0 = 0x72
#1
TCNT0 = 0x73
#1
TCNT0 = 0x74
#1
TCNT0 = 0x75
#1
TCNT0 = 0x76
#1
TCNT0 = 0x77
#1
TCNT0 = 0x78
#1
TCNT0 = 0x79
#1
TCNT0 = 0x7a
#1
TCNT0 = 0x7b
#1
TCNT0 = 0x7c
#1
TCNT0 = 0x7d
#1
TCNT0 = 0x7e
#1
TCNT0 = 0x7f
#1
TCNT0 = 0x80
#1
TCNT0 = 0x81
#1
TCNT0 = 0x82
#1
TCNT0 = 0x83
#1
TCNT0 = 0x84
#1
TCNT0 = 0x85
#1
TCNT0 = 0x86
#1
TCNT0 = 0x87
#1
TCNT0 = 0x88
#1
TCNT0 = 0x89
#1
TCNT0 = 0x8a
#1
TCNT0 = 0x8b
#1
TCNT0 = 0x8c
#1
TCNT0 = 0x8d
#1
TCNT0 = 0x8e
#1
TCNT0 = 0x8f
#1
TCNT0 = 0x90
#1
TCNT0 = 0x91
#1
TCNT0 = 0x92
#1
TCNT0 = 0x93
#1
TCNT0 = 0x94
#1
TCNT0 = 0x95
#1
TCNT0 = 0x96
#1
TCNT0 = 0x97
#1
TCNT0 = 0x98
#1
TCNT0 = 0x99
#1
TCNT0 = 0x9a
#1
TCNT0 = 0x9b
#1
TCNT0 = 0x00
PINB = 0x80
#1
TCNT0 = 0x01
#1
TCNT0 = 0x02
#1
TCNT0 = 0x03
#1
TCNT0 = 0x04
#1
TCNT0 = 0x05
#1
TCNT0 = 0x06
#1
TCNT0 = 0x07
#1
TCNT0 = 0x08
#1
TCNT0 = 0x09
#1
TCNT0 = 0x0a
#1
TCNT0 = 0x0b
#1
TCNT0 = 0x0c
#1
TCNT0 = 0x0d
#1
TCNT0 = 0x0e
#1
TCNT0 = 0x0f
#1
TCNT0 = 0x10
#1
TCNT0 = 0x11
#1
TCNT0 = 0x12
#1
TCNT0 = 0x13
#1
TCNT0 = 0x14
#1
TCNT0 = 0x15
#1
TCNT0 = 0x16
#1
TCNT0 = 0x17
#1
TCNT0 = 0x18
#1
TCNT0 = 0x19
#1
TCNT0 = 0x1a
#1
TCNT0 = 0x1b
#1
TCNT0 = 0x1c
#1
TCNT0 = 0x1d
#1
TCNT0 = 0x1e
#1
TCNT0 = 0x1f
#1
TCNT0 = 0x20
#1
TCNT0 = 0x21
#1
TCNT0 = 0x22
#1
TCNT0 = 0x23
#1
TCNT0 = 0x24
#1
TCNT0 = 0x25
#1
TCNT0 = 0x26
